
/home/runner/work/exp-sa0-4-input-priority-encoder-circuit-nitk/exp-sa0-4-input-priority-encoder-circuit-nitk/experiment/simulation/js/script.js
    5:10  warning  'change' is defined but never used  no-unused-vars
    6:8   warning  '$' is not defined                  no-undef
   49:10  warning  'output' is defined but never used  no-unused-vars
   50:5   warning  'input1' is not defined             no-undef
   51:5   warning  'input2' is not defined             no-undef
   52:5   warning  'input3' is not defined             no-undef
   53:5   warning  'input4' is not defined             no-undef
   54:5   warning  'button1' is not defined            no-undef
   55:5   warning  'button2' is not defined            no-undef
   56:5   warning  'button3' is not defined            no-undef
   57:5   warning  'button4' is not defined            no-undef
   58:5   warning  'button5' is not defined            no-undef
   59:5   warning  'button6' is not defined            no-undef
   60:5   warning  'button7' is not defined            no-undef
   61:5   warning  'button8' is not defined            no-undef
   62:5   warning  'button9' is not defined            no-undef
   63:5   warning  'button10' is not defined           no-undef
   64:5   warning  'y' is not defined                  no-undef
   64:11  warning  'input1' is not defined             no-undef
   64:24  warning  'input2' is not defined             no-undef
   64:34  warning  'input3' is not defined             no-undef
   65:5   warning  'x' is not defined                  no-undef
   65:10  warning  'input1' is not defined             no-undef
   65:20  warning  'input2' is not defined             no-undef
   66:5   warning  'v' is not defined                  no-undef
   66:10  warning  'input1' is not defined             no-undef
   66:20  warning  'input2' is not defined             no-undef
   66:30  warning  'input3' is not defined             no-undef
   66:40  warning  'input4' is not defined             no-undef
   67:5   warning  'a' is not defined                  no-undef
   67:11  warning  'button1' is not defined            no-undef
   67:23  warning  'input1' is not defined             no-undef
   68:5   warning  'b' is not defined                  no-undef
   68:11  warning  'button2' is not defined            no-undef
   68:23  warning  'input2' is not defined             no-undef
   69:5   warning  'c' is not defined                  no-undef
   69:11  warning  'b' is not defined                  no-undef
   69:19  warning  'button8' is not defined            no-undef
   70:5   warning  'd' is not defined                  no-undef
   70:11  warning  'button3' is not defined            no-undef
   70:23  warning  'input3' is not defined             no-undef
   71:5   warning  'e' is not defined                  no-undef
   71:11  warning  'button9' is not defined            no-undef
   71:24  warning  'c' is not defined                  no-undef
   71:29  warning  'd' is not defined                  no-undef
   72:5   warning  'yf' is not defined                 no-undef
   72:13  warning  'button5' is not defined            no-undef
   72:26  warning  'a' is not defined                  no-undef
   72:31  warning  'e' is not defined                  no-undef
   73:5   warning  'f' is not defined                  no-undef
   73:11  warning  'button10' is not defined           no-undef
   73:25  warning  'a' is not defined                  no-undef
   73:30  warning  'b' is not defined                  no-undef
   74:5   warning  'xf' is not defined                 no-undef
   74:13  warning  'button6' is not defined            no-undef
   74:26  warning  'f' is not defined                  no-undef
   75:5   warning  'g' is not defined                  no-undef
   75:11  warning  'button4' is not defined            no-undef
   75:23  warning  'input4' is not defined             no-undef
   76:5   warning  'vf' is not defined                 no-undef
   76:13  warning  'button7' is not defined            no-undef
   76:26  warning  'f' is not defined                  no-undef
   76:31  warning  'd' is not defined                  no-undef
   76:36  warning  'g' is not defined                  no-undef
   92:23  warning  'input4' is not defined             no-undef
   93:23  warning  'input3' is not defined             no-undef
   94:23  warning  'input2' is not defined             no-undef
   95:23  warning  'input1' is not defined             no-undef
   97:23  warning  'y' is not defined                  no-undef
   98:23  warning  'x' is not defined                  no-undef
   99:23  warning  'v' is not defined                  no-undef
  100:24  warning  'yf' is not defined                 no-undef
  101:24  warning  'xf' is not defined                 no-undef
  102:24  warning  'vf' is not defined                 no-undef
  107:10  warning  'on_off' is defined but never used  no-unused-vars
  108:5   warning  'input1' is not defined             no-undef
  109:5   warning  'input2' is not defined             no-undef
  110:5   warning  'input3' is not defined             no-undef
  111:5   warning  'input4' is not defined             no-undef
  112:5   warning  'button1' is not defined            no-undef
  113:5   warning  'button2' is not defined            no-undef
  114:5   warning  'button3' is not defined            no-undef
  115:5   warning  'button4' is not defined            no-undef
  116:5   warning  'button5' is not defined            no-undef
  117:5   warning  'button6' is not defined            no-undef
  118:5   warning  'button7' is not defined            no-undef
  119:5   warning  'button8' is not defined            no-undef
  120:5   warning  'button9' is not defined            no-undef
  121:5   warning  'button10' is not defined           no-undef
  122:5   warning  'a' is not defined                  no-undef
  122:11  warning  'button1' is not defined            no-undef
  122:23  warning  'input1' is not defined             no-undef
  123:5   warning  'b' is not defined                  no-undef
  123:11  warning  'button2' is not defined            no-undef
  123:23  warning  'input2' is not defined             no-undef
  124:5   warning  'c' is not defined                  no-undef
  124:11  warning  'b' is not defined                  no-undef
  124:19  warning  'button8' is not defined            no-undef
  125:5   warning  'd' is not defined                  no-undef
  125:11  warning  'button3' is not defined            no-undef
  125:23  warning  'input3' is not defined             no-undef
  126:5   warning  'e' is not defined                  no-undef
  126:11  warning  'button9' is not defined            no-undef
  126:24  warning  'c' is not defined                  no-undef
  126:29  warning  'd' is not defined                  no-undef
  127:5   warning  'y' is not defined                  no-undef
  127:12  warning  'button5' is not defined            no-undef
  127:25  warning  'a' is not defined                  no-undef
  127:30  warning  'e' is not defined                  no-undef
  128:5   warning  'f' is not defined                  no-undef
  128:11  warning  'button10' is not defined           no-undef
  128:25  warning  'a' is not defined                  no-undef
  128:30  warning  'b' is not defined                  no-undef
  129:5   warning  'x' is not defined                  no-undef
  129:12  warning  'button6' is not defined            no-undef
  129:25  warning  'f' is not defined                  no-undef
  130:5   warning  'g' is not defined                  no-undef
  130:11  warning  'button4' is not defined            no-undef
  130:23  warning  'input4' is not defined             no-undef
  131:5   warning  'v' is not defined                  no-undef
  131:12  warning  'button7' is not defined            no-undef
  131:25  warning  'f' is not defined                  no-undef
  131:30  warning  'd' is not defined                  no-undef
  131:35  warning  'g' is not defined                  no-undef
  132:8   warning  'y' is not defined                  no-undef
  138:8   warning  'x' is not defined                  no-undef
  144:8   warning  'v' is not defined                  no-undef
  152:10  warning  'reset' is defined but never used   no-unused-vars
  153:5   warning  '$' is not defined                  no-undef

✖ 129 problems (0 errors, 129 warnings)

